<?xml version="1.0" encoding="UTF-8"?>
<testng-results skipped="0" failed="0" ignored="0" total="1" passed="1">
  <reporter-output>
  </reporter-output>
  <suite name="EmployeesRestAPISuite" duration-ms="3565" started-at="2019-10-29T19:12:00Z" finished-at="2019-10-29T19:12:03Z">
    <groups>
    </groups>
    <test name="EmployeesRestAPITest" duration-ms="3565" started-at="2019-10-29T19:12:00Z" finished-at="2019-10-29T19:12:03Z">
      <class name="com.qa.tests.Get_All_Emplyees">
        <test-method status="PASS" signature="setUp()[pri:0, instance:com.qa.tests.Get_All_Emplyees@27efef64]" name="setUp" is-config="true" duration-ms="78" started-at="2019-10-29T19:12:00Z" finished-at="2019-10-29T19:12:00Z">
          <reporter-output>
          </reporter-output>
        </test-method> <!-- setUp -->
        <test-method status="PASS" signature="getAllEmployees()[pri:0, instance:com.qa.tests.Get_All_Emplyees@27efef64]" name="getAllEmployees" is-config="true" duration-ms="3095" started-at="2019-10-29T19:12:00Z" finished-at="2019-10-29T19:12:03Z">
          <reporter-output>
          </reporter-output>
        </test-method> <!-- getAllEmployees -->
        <test-method status="PASS" signature="checkResponseBody()[pri:0, instance:com.qa.tests.Get_All_Emplyees@27efef64]" name="checkResponseBody" duration-ms="48" started-at="2019-10-29T19:12:03Z" finished-at="2019-10-29T19:12:03Z">
          <reporter-output>
          </reporter-output>
        </test-method> <!-- checkResponseBody -->
      </class> <!-- com.qa.tests.Get_All_Emplyees -->
    </test> <!-- EmployeesRestAPITest -->
  </suite> <!-- EmployeesRestAPISuite -->
</testng-results>
